<?xml version="1.0" encoding="UTF-8"?>
<!-- Generated by org.testng.reporters.JUnitReportReporter -->
<testsuite name="com.Account.test2" tests="1" time="10.118" ignored="0" failures="0" timestamp="24 Feb 2017 02:33:59 GMT" skipped="0" hostname="VKodali-Lap8" errors="0">
  <testcase name="Login" time="10.118" classname="com.Account.test2"/>
</testsuite> <!-- com.Account.test2 -->
