<?xml version="1.0" encoding="UTF-8"?>
<!-- Generated by org.testng.reporters.JUnitReportReporter -->
<testsuite name="com.login.test1" tests="1" time="0.087" ignored="0" failures="0" timestamp="21 Mar 2017 23:40:56 GMT" skipped="0" hostname="VKodali-Lap8" errors="0">
  <testcase name="login" time="0.087" classname="com.login.test1"/>
</testsuite> <!-- com.login.test1 -->
